<?xml version="1.0" encoding="UTF-8"?>
<!-- Generated by org.testng.reporters.JUnitReportReporter -->
<testsuite hostname="CHE7-L23609" failures="0" tests="1" name="testproject.NewTest1" time="9.090" errors="0" timestamp="2023-09-08T15:15:41 IST" skipped="0">
  <testcase classname="testproject.NewTest1" name="f" time="9.090"/>
</testsuite> <!-- testproject.NewTest1 -->
